<?xml version="1.0" encoding="UTF-8"?>
<!-- Generated by org.testng.reporters.JUnitReportReporter -->
<testsuite hostname="pavanpc" failures="0" tests="1" name="com.framework.keyword.FrameworkTestCases" time="57.265" errors="0" timestamp="2022-05-07T18:52:43 IST" skipped="0">
  <testcase classname="com.framework.keyword.FrameworkTestCases" name="demoTest" time="57.265"/>
  <system-out/>
</testsuite> <!-- com.framework.keyword.FrameworkTestCases -->
