<?xml version="1.0" encoding="UTF-8"?>
<!-- Generated by org.testng.reporters.JUnitReportReporter -->
<testsuite hostname="pavanpc" failures="0" tests="2" name="com.mavenhere.TestNgDemoHere" time="65.866" errors="0" timestamp="2022-05-04T13:32:34 IST" skipped="0">
  <testcase classname="com.mavenhere.TestNgDemoHere" name="test1" time="19.374"/>
  <system-out/>
  <testcase classname="com.mavenhere.TestNgDemoHere" name="test2" time="46.492"/>
  <system-out/>
</testsuite> <!-- com.mavenhere.TestNgDemoHere -->
